Using pre-set license
Built from '2020.3/staging' branch; Version is '2020.3.0f1 (c7b5465681fb) revision 13088070'; Using compiler version '192528614'; Build Type 'Release'
OS: 'Windows 10 Pro; OS build 19042.928; Version 2009; 64bit' Language: 'pt' Physical Memory: 8140 MB
BatchMode: 1, IsHumanControllingUs: 0, StartBugReporterOnCrash: 0, Is64bit: 1, IsPro: 0

 COMMAND LINE ARGUMENTS:
C:\Program Files\Unity\Hub\Editor\Editor\Unity.exe
-adb2
-batchMode
-noUpm
-name
AssetImportWorker0
-projectPath
C:/Users/Enezio/Desktop/Battle of Midway
-logFile
Logs/AssetImportWorker0.log
-srvPort
60230
Successfully changed project path to: C:/Users/Enezio/Desktop/Battle of Midway
C:/Users/Enezio/Desktop/Battle of Midway
Using Asset Import Pipeline V2.
Refreshing native plugins compatible for Editor in 56.47 ms, found 1 plugins.
Preloading 0 native plugins for Editor in 0.00 ms.
Initialize engine version: 2020.3.0f1 (c7b5465681fb)
[Subsystems] Discovering subsystems at path C:/Program Files/Unity/Hub/Editor/Editor/Data/Resources/UnitySubsystems
[Subsystems] Discovering subsystems at path C:/Users/Enezio/Desktop/Battle of Midway/Assets
GfxDevice: creating device client; threaded=0
Direct3D:
    Version:  Direct3D 11.0 [level 11.1]
    Renderer: Radeon RX 560 Series (ID=0x67ff)
    Vendor:   
    VRAM:     4075 MB
    Driver:   27.20.1034.6
Initialize mono
Mono path[0] = 'C:/Program Files/Unity/Hub/Editor/Editor/Data/Managed'
Mono path[1] = 'C:/Program Files/Unity/Hub/Editor/Editor/Data/MonoBleedingEdge/lib/mono/unityjit'
Mono config path = 'C:/Program Files/Unity/Hub/Editor/Editor/Data/MonoBleedingEdge/etc'
Using monoOptions --debugger-agent=transport=dt_socket,embedding=1,server=y,suspend=n,address=127.0.0.1:56816
Begin MonoManager ReloadAssembly
Registering precompiled unity dll's ...
Register platform support module: C:/Program Files/Unity/Hub/Editor/Editor/Data/PlaybackEngines/WindowsStandaloneSupport/UnityEditor.WindowsStandalone.Extensions.dll
Registered in 0.004838 seconds.
Native extension for WindowsStandalone target not found
Refreshing native plugins compatible for Editor in 50.98 ms, found 1 plugins.
Preloading 0 native plugins for Editor in 0.00 ms.
Invoked RoslynAnalysisRunner static constructor.
RoslynAnalysisRunner will not be running.
RoslynAnalysisRunner has terminated.
Mono: successfully reloaded assembly
- Completed reload, in  2.750 seconds
Platform modules already initialized, skipping
Registering precompiled user dll's ...
Registered in 0.005855 seconds.
Begin MonoManager ReloadAssembly
Native extension for WindowsStandalone target not found
Refreshing native plugins compatible for Editor in 51.11 ms, found 1 plugins.
Preloading 0 native plugins for Editor in 0.00 ms.
Invoked RoslynAnalysisRunner static constructor.
RoslynAnalysisRunner will not be running.
RoslynAnalysisRunner has terminated.
Mono: successfully reloaded assembly
- Completed reload, in  1.668 seconds
Platform modules already initialized, skipping
========================================================================
Worker process is ready to serve import requests
Launched and connected shader compiler UnityShaderCompiler.exe after 0.10 seconds
Refreshing native plugins compatible for Editor in 0.38 ms, found 1 plugins.
Preloading 0 native plugins for Editor in 0.00 ms.
Unloading 1829 Unused Serialized files (Serialized files now loaded: 0)
System memory in use before: 85.2 MB.
System memory in use after: 85.2 MB.

Unloading 24 unused Assets to reduce memory usage. Loaded Objects now: 2273.
Total: 2.989600 ms (FindLiveObjects: 0.280600 ms CreateObjectMapping: 0.183000 ms MarkObjects: 2.370700 ms  DeleteObjects: 0.153800 ms)

========================================================================
Received Import Request.
  path: Assets/Art/Enemies.png
  artifactKey: Guid(7e1ce8877e2a5eb49aea21c900d51d1a) Importer(815301076,1909f56bfc062723c751e8b465ee728b)
Start importing Assets/Art/Enemies.png using Guid(7e1ce8877e2a5eb49aea21c900d51d1a) Importer(815301076,1909f56bfc062723c751e8b465ee728b)  -> (artifact id: 'df0c829cabf372d0ce7d0f2ef1107517') in 0.226803 seconds
  Import took 0.231631 seconds .

========================================================================
Received Import Request.
  Time since last request: 1.173241 seconds.
  path: Assets/Art/Enemies.png
  artifactKey: Guid(7e1ce8877e2a5eb49aea21c900d51d1a) Importer(815301076,1909f56bfc062723c751e8b465ee728b)
Start importing Assets/Art/Enemies.png using Guid(7e1ce8877e2a5eb49aea21c900d51d1a) Importer(815301076,1909f56bfc062723c751e8b465ee728b)  -> (artifact id: '779035fdbce11bda6159bd0aef460994') in 0.027552 seconds
  Import took 0.031787 seconds .

========================================================================
Received Import Request.
  Time since last request: 99.191472 seconds.
  path: Assets/Art/Enemies.png
  artifactKey: Guid(7e1ce8877e2a5eb49aea21c900d51d1a) Importer(815301076,1909f56bfc062723c751e8b465ee728b)
Start importing Assets/Art/Enemies.png using Guid(7e1ce8877e2a5eb49aea21c900d51d1a) Importer(815301076,1909f56bfc062723c751e8b465ee728b)  -> (artifact id: '2960cad9b85e59a27bbf5107971d826c') in 0.027807 seconds
  Import took 0.034113 seconds .

========================================================================
Received Import Request.
  Time since last request: 99.659605 seconds.
  path: Assets/Art/Enemies.png
  artifactKey: Guid(7e1ce8877e2a5eb49aea21c900d51d1a) Importer(815301076,1909f56bfc062723c751e8b465ee728b)
Start importing Assets/Art/Enemies.png using Guid(7e1ce8877e2a5eb49aea21c900d51d1a) Importer(815301076,1909f56bfc062723c751e8b465ee728b)  -> (artifact id: '5f163f4932a49ef1792aa2d03a89e7c0') in 0.030301 seconds
  Import took 0.036557 seconds .

========================================================================
Received Import Request.
  Time since last request: 191.948807 seconds.
  path: Assets/Art/Enemies.png
  artifactKey: Guid(7e1ce8877e2a5eb49aea21c900d51d1a) Importer(815301076,1909f56bfc062723c751e8b465ee728b)
Start importing Assets/Art/Enemies.png using Guid(7e1ce8877e2a5eb49aea21c900d51d1a) Importer(815301076,1909f56bfc062723c751e8b465ee728b)  -> (artifact id: '4b4851b2fc6ac4ad72f5ca277820bc85') in 0.038140 seconds
  Import took 0.042112 seconds .

========================================================================
Received Import Request.
  Time since last request: 0.014040 seconds.
  path: Assets/Art/Enemies.png
  artifactKey: Guid(7e1ce8877e2a5eb49aea21c900d51d1a) Importer(815301076,1909f56bfc062723c751e8b465ee728b)
Start importing Assets/Art/Enemies.png using Guid(7e1ce8877e2a5eb49aea21c900d51d1a) Importer(815301076,1909f56bfc062723c751e8b465ee728b)  -> (artifact id: '4b4851b2fc6ac4ad72f5ca277820bc85') in 0.041493 seconds
  Import took 0.046759 seconds .

========================================================================
Received Import Request.
  Time since last request: 16.317341 seconds.
  path: Assets/Art/Enemies.png
  artifactKey: Guid(7e1ce8877e2a5eb49aea21c900d51d1a) Importer(815301076,1909f56bfc062723c751e8b465ee728b)
Start importing Assets/Art/Enemies.png using Guid(7e1ce8877e2a5eb49aea21c900d51d1a) Importer(815301076,1909f56bfc062723c751e8b465ee728b)  -> (artifact id: 'fb3ea93e2d6c036a68df696909a08c53') in 0.030373 seconds
  Import took 0.036542 seconds .

========================================================================
Received Import Request.
  Time since last request: 129.614241 seconds.
  path: Assets/Script/Enemies/Turret.cs
  artifactKey: Guid(7fea900bd115deb468fdb038264026ac) Importer(815301076,1909f56bfc062723c751e8b465ee728b)
Start importing Assets/Script/Enemies/Turret.cs using Guid(7fea900bd115deb468fdb038264026ac) Importer(815301076,1909f56bfc062723c751e8b465ee728b)  -> (artifact id: 'e084dbb09980bb1f04aaf41e4dd11b18') in 0.030524 seconds
  Import took 0.035530 seconds .

========================================================================
Received Prepare
Registering precompiled user dll's ...
Registered in 0.001663 seconds.
Begin MonoManager ReloadAssembly
Native extension for WindowsStandalone target not found
Refreshing native plugins compatible for Editor in 0.45 ms, found 1 plugins.
Preloading 0 native plugins for Editor in 0.00 ms.
Invoked RoslynAnalysisRunner static constructor.
RoslynAnalysisRunner will not be running.
RoslynAnalysisRunner has terminated.
Mono: successfully reloaded assembly
- Completed reload, in  1.361 seconds
Platform modules already initialized, skipping
Refreshing native plugins compatible for Editor in 0.66 ms, found 1 plugins.
Preloading 0 native plugins for Editor in 0.00 ms.
Unloading 1825 Unused Serialized files (Serialized files now loaded: 0)
System memory in use before: 88.3 MB.
System memory in use after: 88.3 MB.

Unloading 12 unused Assets to reduce memory usage. Loaded Objects now: 2288.
Total: 3.198700 ms (FindLiveObjects: 0.328700 ms CreateObjectMapping: 0.275800 ms MarkObjects: 2.461300 ms  DeleteObjects: 0.131000 ms)

========================================================================
Received Import Request.
  Time since last request: 7.544922 seconds.
  path: Assets/Script/Enemies/Simple_Plane.cs
  artifactKey: Guid(cabda41780609fa41975bfeb6de018f3) Importer(815301076,1909f56bfc062723c751e8b465ee728b)
Start importing Assets/Script/Enemies/Simple_Plane.cs using Guid(cabda41780609fa41975bfeb6de018f3) Importer(815301076,1909f56bfc062723c751e8b465ee728b)  -> (artifact id: '16255285a60cc924eaaf8557ddf86005') in 0.012230 seconds
  Import took 0.017379 seconds .

========================================================================
Received Prepare
Registering precompiled user dll's ...
Registered in 0.001347 seconds.
Begin MonoManager ReloadAssembly
Native extension for WindowsStandalone target not found
Refreshing native plugins compatible for Editor in 0.37 ms, found 1 plugins.
Preloading 0 native plugins for Editor in 0.00 ms.
Invoked RoslynAnalysisRunner static constructor.
RoslynAnalysisRunner will not be running.
RoslynAnalysisRunner has terminated.
Mono: successfully reloaded assembly
- Completed reload, in  1.288 seconds
Platform modules already initialized, skipping
Refreshing native plugins compatible for Editor in 0.36 ms, found 1 plugins.
Preloading 0 native plugins for Editor in 0.00 ms.
Unloading 1825 Unused Serialized files (Serialized files now loaded: 0)
System memory in use before: 88.3 MB.
System memory in use after: 88.3 MB.

Unloading 12 unused Assets to reduce memory usage. Loaded Objects now: 2292.
Total: 2.816500 ms (FindLiveObjects: 0.257100 ms CreateObjectMapping: 0.057100 ms MarkObjects: 2.353700 ms  DeleteObjects: 0.146800 ms)

========================================================================
Received Import Request.
  Time since last request: 395.701695 seconds.
  path: Assets/Script/Enemies/Turret.cs
  artifactKey: Guid(7fea900bd115deb468fdb038264026ac) Importer(815301076,1909f56bfc062723c751e8b465ee728b)
Start importing Assets/Script/Enemies/Turret.cs using Guid(7fea900bd115deb468fdb038264026ac) Importer(815301076,1909f56bfc062723c751e8b465ee728b)  -> (artifact id: 'e63af412976e7bc2fa62d7f8f8485df7') in 0.008175 seconds
  Import took 0.013609 seconds .

========================================================================
Received Import Request.
  Time since last request: 142.502798 seconds.
  path: Assets/Script/Enemies/Turret.cs
  artifactKey: Guid(7fea900bd115deb468fdb038264026ac) Importer(815301076,1909f56bfc062723c751e8b465ee728b)
Start importing Assets/Script/Enemies/Turret.cs using Guid(7fea900bd115deb468fdb038264026ac) Importer(815301076,1909f56bfc062723c751e8b465ee728b)  -> (artifact id: '09cd63b2ae626e43261c6af4773589a7') in 0.008832 seconds
  Import took 0.015679 seconds .

========================================================================
Received Import Request.
  Time since last request: 0.026196 seconds.
  path: Assets/Script/Enemies/Turret.cs
  artifactKey: Guid(7fea900bd115deb468fdb038264026ac) Importer(815301076,1909f56bfc062723c751e8b465ee728b)
Start importing Assets/Script/Enemies/Turret.cs using Guid(7fea900bd115deb468fdb038264026ac) Importer(815301076,1909f56bfc062723c751e8b465ee728b)  -> (artifact id: '09cd63b2ae626e43261c6af4773589a7') in 0.009420 seconds
  Import took 0.013083 seconds .

========================================================================
Received Prepare
Registering precompiled user dll's ...
Registered in 0.001581 seconds.
Begin MonoManager ReloadAssembly
Native extension for WindowsStandalone target not found
Refreshing native plugins compatible for Editor in 0.45 ms, found 1 plugins.
Preloading 0 native plugins for Editor in 0.00 ms.
Invoked RoslynAnalysisRunner static constructor.
RoslynAnalysisRunner will not be running.
RoslynAnalysisRunner has terminated.
Mono: successfully reloaded assembly
- Completed reload, in  1.214 seconds
Platform modules already initialized, skipping
Refreshing native plugins compatible for Editor in 0.40 ms, found 1 plugins.
Preloading 0 native plugins for Editor in 0.00 ms.
Unloading 1825 Unused Serialized files (Serialized files now loaded: 0)
System memory in use before: 88.4 MB.
System memory in use after: 88.3 MB.

Unloading 12 unused Assets to reduce memory usage. Loaded Objects now: 2296.
Total: 2.741000 ms (FindLiveObjects: 0.241000 ms CreateObjectMapping: 0.048100 ms MarkObjects: 2.256400 ms  DeleteObjects: 0.194100 ms)

========================================================================
Received Import Request.
  Time since last request: 15.941376 seconds.
  path: Assets/Script/Enemies/Turret.cs
  artifactKey: Guid(7fea900bd115deb468fdb038264026ac) Importer(815301076,1909f56bfc062723c751e8b465ee728b)
Start importing Assets/Script/Enemies/Turret.cs using Guid(7fea900bd115deb468fdb038264026ac) Importer(815301076,1909f56bfc062723c751e8b465ee728b)  -> (artifact id: '12d17750103908a4bd21b822779cb61a') in 0.008121 seconds
  Import took 0.012190 seconds .

========================================================================
Received Import Request.
  Time since last request: 27.924186 seconds.
  path: Assets/Art/Animations/Effect
  artifactKey: Guid(92efbd39bdded1842a0e0cd2251eb4e8) Importer(815301076,1909f56bfc062723c751e8b465ee728b)
Start importing Assets/Art/Animations/Effect using Guid(92efbd39bdded1842a0e0cd2251eb4e8) Importer(815301076,1909f56bfc062723c751e8b465ee728b)  -> (artifact id: 'bce79d23bfd2a635cc0d58508addb1aa') in 0.013716 seconds
  Import took 0.018405 seconds .

========================================================================
Received Import Request.
  Time since last request: 12.474211 seconds.
  path: Assets/Art/Animations/Effect/Explosion_Effect
  artifactKey: Guid(84f4f40b7db85f64eb4419b7f4e675c3) Importer(815301076,1909f56bfc062723c751e8b465ee728b)
Start importing Assets/Art/Animations/Effect/Explosion_Effect using Guid(84f4f40b7db85f64eb4419b7f4e675c3) Importer(815301076,1909f56bfc062723c751e8b465ee728b)  -> (artifact id: '5a33106b4c4db6bd5c29797dbd48b827') in 0.016415 seconds
  Import took 0.020810 seconds .

========================================================================
Received Import Request.
  Time since last request: 156.319193 seconds.
  path: Assets/Art/Enemies.png
  artifactKey: Guid(7e1ce8877e2a5eb49aea21c900d51d1a) Importer(815301076,1909f56bfc062723c751e8b465ee728b)
Start importing Assets/Art/Enemies.png using Guid(7e1ce8877e2a5eb49aea21c900d51d1a) Importer(815301076,1909f56bfc062723c751e8b465ee728b)  -> (artifact id: '21ecd4a44c479fc635d2667a48e36ea8') in 0.112426 seconds
  Import took 0.118362 seconds .

========================================================================
Received Import Request.
  Time since last request: 144.937420 seconds.
  path: Assets/Prefab/Effects
  artifactKey: Guid(c981ec2fdd3a13849b9ad219d0fb8342) Importer(815301076,1909f56bfc062723c751e8b465ee728b)
Start importing Assets/Prefab/Effects using Guid(c981ec2fdd3a13849b9ad219d0fb8342) Importer(815301076,1909f56bfc062723c751e8b465ee728b)  -> (artifact id: '45dd94aa8995b16c9886c63aa64b7e69') in 0.023498 seconds
  Import took 0.028787 seconds .

========================================================================
Received Import Request.
  Time since last request: 4.923893 seconds.
  path: Assets/Prefab/Effects/Explosion_01.prefab
  artifactKey: Guid(8b6be52b81277104697c760d634cd1b7) Importer(815301076,1909f56bfc062723c751e8b465ee728b)
Start importing Assets/Prefab/Effects/Explosion_01.prefab using Guid(8b6be52b81277104697c760d634cd1b7) Importer(815301076,1909f56bfc062723c751e8b465ee728b) The Animator Controller (Explosion_01) you have used is not valid. Animations will not play
UnityEngine.StackTraceUtility:ExtractStackTrace ()
UnityEditor.EditorUtility:Internal_InstantiateRemoveAllNonAnimationComponentsSingle (UnityEngine.Object,UnityEngine.Vector3,UnityEngine.Quaternion)
UnityEditor.EditorUtility:InstantiateRemoveAllNonAnimationComponents (UnityEngine.Object,UnityEngine.Vector3,UnityEngine.Quaternion)
UnityEditor.EditorUtility:InstantiateForAnimatorPreview (UnityEngine.Object)
UnityEditor.GameObjectInspector/PreviewData:UpdateGameObject (UnityEngine.Object)
UnityEditor.GameObjectInspector/PreviewData:.ctor (UnityEngine.Object)
UnityEditor.GameObjectInspector:GetPreviewData ()
UnityEditor.GameObjectInspector:RenderStaticPreview (string,UnityEngine.Object[],int,int)
UnityEditor.AssetPreviewUpdater:CreatePreviewForAsset (UnityEngine.Object,UnityEngine.Object[],string)

[C:\buildslave\unity\build\Modules/Animation/Director/AnimatorControllerPlayable.cpp line 332]

The Animator Controller (Explosion_01) you have used is not valid. Animations will not play
UnityEngine.StackTraceUtility:ExtractStackTrace ()
UnityEditor.EditorUtility:InitInstantiatedPreviewRecursive (UnityEngine.GameObject)
UnityEditor.EditorUtility:InstantiateForAnimatorPreview (UnityEngine.Object)
UnityEditor.GameObjectInspector/PreviewData:UpdateGameObject (UnityEngine.Object)
UnityEditor.GameObjectInspector/PreviewData:.ctor (UnityEngine.Object)
UnityEditor.GameObjectInspector:GetPreviewData ()
UnityEditor.GameObjectInspector:RenderStaticPreview (string,UnityEngine.Object[],int,int)
UnityEditor.AssetPreviewUpdater:CreatePreviewForAsset (UnityEngine.Object,UnityEngine.Object[],string)

[C:\buildslave\unity\build\Modules/Animation/Director/AnimatorControllerPlayable.cpp line 332]

 -> (artifact id: 'b21e107a8c1692bc66b06e8691a44856') in 0.091022 seconds
  Import took 0.094992 seconds .

========================================================================
Received Import Request.
  Time since last request: 111.293879 seconds.
  path: Assets/Prefab/Weapons/Default_Weapon.prefab
  artifactKey: Guid(98b3394c284e28f45925d67e72c47e94) Importer(815301076,1909f56bfc062723c751e8b465ee728b)
Start importing Assets/Prefab/Weapons/Default_Weapon.prefab using Guid(98b3394c284e28f45925d67e72c47e94) Importer(815301076,1909f56bfc062723c751e8b465ee728b)  -> (artifact id: '080bc1193ce76f03947af1796f7b4703') in 0.030122 seconds
  Import took 0.037661 seconds .

========================================================================
Received Import Request.
  Time since last request: 65.514722 seconds.
  path: Assets/Prefab/Weapons/Shoot_On_Target_Weapon.prefab
  artifactKey: Guid(59ea48355016096438dfacb73b613363) Importer(815301076,1909f56bfc062723c751e8b465ee728b)
Start importing Assets/Prefab/Weapons/Shoot_On_Target_Weapon.prefab using Guid(59ea48355016096438dfacb73b613363) Importer(815301076,1909f56bfc062723c751e8b465ee728b)  -> (artifact id: '2c3208c047ea675356bb2e374f4c991e') in 0.014735 seconds
  Import took 0.019795 seconds .

========================================================================
Received Prepare
Registering precompiled user dll's ...
Registered in 0.001518 seconds.
Begin MonoManager ReloadAssembly
Native extension for WindowsStandalone target not found
Refreshing native plugins compatible for Editor in 0.81 ms, found 1 plugins.
Preloading 0 native plugins for Editor in 0.00 ms.
Invoked RoslynAnalysisRunner static constructor.
RoslynAnalysisRunner will not be running.
RoslynAnalysisRunner has terminated.
Mono: successfully reloaded assembly
- Completed reload, in  1.477 seconds
Platform modules already initialized, skipping
Refreshing native plugins compatible for Editor in 0.48 ms, found 1 plugins.
Preloading 0 native plugins for Editor in 0.00 ms.
Unloading 1825 Unused Serialized files (Serialized files now loaded: 0)
System memory in use before: 88.6 MB.
System memory in use after: 88.5 MB.

Unloading 12 unused Assets to reduce memory usage. Loaded Objects now: 2312.
Total: 2.917800 ms (FindLiveObjects: 0.269700 ms CreateObjectMapping: 0.051000 ms MarkObjects: 2.460300 ms  DeleteObjects: 0.135000 ms)

========================================================================
Received Prepare
Registering precompiled user dll's ...
Registered in 0.001254 seconds.
Begin MonoManager ReloadAssembly
Native extension for WindowsStandalone target not found
Refreshing native plugins compatible for Editor in 0.40 ms, found 1 plugins.
Preloading 0 native plugins for Editor in 0.00 ms.
Invoked RoslynAnalysisRunner static constructor.
RoslynAnalysisRunner will not be running.
RoslynAnalysisRunner has terminated.
Mono: successfully reloaded assembly
- Completed reload, in  1.513 seconds
Platform modules already initialized, skipping
Refreshing native plugins compatible for Editor in 0.41 ms, found 1 plugins.
Preloading 0 native plugins for Editor in 0.00 ms.
Unloading 1825 Unused Serialized files (Serialized files now loaded: 0)
System memory in use before: 88.6 MB.
System memory in use after: 88.6 MB.

Unloading 12 unused Assets to reduce memory usage. Loaded Objects now: 2316.
Total: 2.767700 ms (FindLiveObjects: 0.243200 ms CreateObjectMapping: 0.057200 ms MarkObjects: 2.278800 ms  DeleteObjects: 0.186600 ms)

========================================================================
Received Prepare
Registering precompiled user dll's ...
Registered in 0.001385 seconds.
Begin MonoManager ReloadAssembly
Native extension for WindowsStandalone target not found
Refreshing native plugins compatible for Editor in 0.38 ms, found 1 plugins.
Preloading 0 native plugins for Editor in 0.00 ms.
Invoked RoslynAnalysisRunner static constructor.
RoslynAnalysisRunner will not be running.
RoslynAnalysisRunner has terminated.
Mono: successfully reloaded assembly
- Completed reload, in  1.361 seconds
Platform modules already initialized, skipping
Refreshing native plugins compatible for Editor in 0.47 ms, found 1 plugins.
Preloading 0 native plugins for Editor in 0.00 ms.
Unloading 1825 Unused Serialized files (Serialized files now loaded: 0)
System memory in use before: 88.6 MB.
System memory in use after: 88.6 MB.

Unloading 12 unused Assets to reduce memory usage. Loaded Objects now: 2320.
Total: 2.614800 ms (FindLiveObjects: 0.290600 ms CreateObjectMapping: 0.054800 ms MarkObjects: 2.126300 ms  DeleteObjects: 0.141500 ms)

========================================================================
Received Prepare
Registering precompiled user dll's ...
Registered in 0.001407 seconds.
Begin MonoManager ReloadAssembly
Native extension for WindowsStandalone target not found
Refreshing native plugins compatible for Editor in 0.42 ms, found 1 plugins.
Preloading 0 native plugins for Editor in 0.00 ms.
Invoked RoslynAnalysisRunner static constructor.
RoslynAnalysisRunner will not be running.
RoslynAnalysisRunner has terminated.
Mono: successfully reloaded assembly
- Completed reload, in  1.237 seconds
Platform modules already initialized, skipping
Refreshing native plugins compatible for Editor in 0.44 ms, found 1 plugins.
Preloading 0 native plugins for Editor in 0.00 ms.
Unloading 1825 Unused Serialized files (Serialized files now loaded: 0)
System memory in use before: 88.6 MB.
System memory in use after: 88.6 MB.

Unloading 12 unused Assets to reduce memory usage. Loaded Objects now: 2324.
Total: 2.707200 ms (FindLiveObjects: 0.302500 ms CreateObjectMapping: 0.065000 ms MarkObjects: 2.069500 ms  DeleteObjects: 0.267600 ms)

========================================================================
Received Prepare
Registering precompiled user dll's ...
Registered in 0.001377 seconds.
Begin MonoManager ReloadAssembly
Native extension for WindowsStandalone target not found
Refreshing native plugins compatible for Editor in 0.38 ms, found 1 plugins.
Preloading 0 native plugins for Editor in 0.00 ms.
Invoked RoslynAnalysisRunner static constructor.
RoslynAnalysisRunner will not be running.
RoslynAnalysisRunner has terminated.
Mono: successfully reloaded assembly
- Completed reload, in  1.403 seconds
Platform modules already initialized, skipping
Refreshing native plugins compatible for Editor in 0.48 ms, found 1 plugins.
Preloading 0 native plugins for Editor in 0.00 ms.
Unloading 1825 Unused Serialized files (Serialized files now loaded: 0)
System memory in use before: 88.6 MB.
System memory in use after: 88.6 MB.

Unloading 12 unused Assets to reduce memory usage. Loaded Objects now: 2328.
Total: 2.706600 ms (FindLiveObjects: 0.247200 ms CreateObjectMapping: 0.044600 ms MarkObjects: 2.270200 ms  DeleteObjects: 0.142800 ms)

========================================================================
Received Prepare
Registering precompiled user dll's ...
Registered in 0.001689 seconds.
Begin MonoManager ReloadAssembly
Native extension for WindowsStandalone target not found
Refreshing native plugins compatible for Editor in 0.55 ms, found 1 plugins.
Preloading 0 native plugins for Editor in 0.00 ms.
Invoked RoslynAnalysisRunner static constructor.
RoslynAnalysisRunner will not be running.
RoslynAnalysisRunner has terminated.
Mono: successfully reloaded assembly
- Completed reload, in  1.411 seconds
Platform modules already initialized, skipping
Refreshing native plugins compatible for Editor in 0.39 ms, found 1 plugins.
Preloading 0 native plugins for Editor in 0.00 ms.
Unloading 1825 Unused Serialized files (Serialized files now loaded: 0)
System memory in use before: 88.6 MB.
System memory in use after: 88.6 MB.

Unloading 12 unused Assets to reduce memory usage. Loaded Objects now: 2332.
Total: 2.898200 ms (FindLiveObjects: 0.277900 ms CreateObjectMapping: 0.062700 ms MarkObjects: 2.401300 ms  DeleteObjects: 0.154300 ms)

========================================================================
Received Prepare
Registering precompiled user dll's ...
Registered in 0.001367 seconds.
Begin MonoManager ReloadAssembly
Native extension for WindowsStandalone target not found
Refreshing native plugins compatible for Editor in 0.45 ms, found 1 plugins.
Preloading 0 native plugins for Editor in 0.00 ms.
Invoked RoslynAnalysisRunner static constructor.
RoslynAnalysisRunner will not be running.
RoslynAnalysisRunner has terminated.
Mono: successfully reloaded assembly
- Completed reload, in  1.387 seconds
Platform modules already initialized, skipping
Refreshing native plugins compatible for Editor in 0.40 ms, found 1 plugins.
Preloading 0 native plugins for Editor in 0.00 ms.
Unloading 1825 Unused Serialized files (Serialized files now loaded: 0)
System memory in use before: 88.6 MB.
System memory in use after: 88.6 MB.

Unloading 12 unused Assets to reduce memory usage. Loaded Objects now: 2336.
Total: 2.838100 ms (FindLiveObjects: 0.257300 ms CreateObjectMapping: 0.054800 ms MarkObjects: 2.384900 ms  DeleteObjects: 0.139300 ms)

========================================================================
Received Import Request.
  Time since last request: 515.761790 seconds.
  path: Assets/Prefab/Bullets/Enemy_Bullets/Enemy_Bullet_01.prefab
  artifactKey: Guid(9d11d97caa14eef43af6b8d5d484daec) Importer(815301076,1909f56bfc062723c751e8b465ee728b)
Start importing Assets/Prefab/Bullets/Enemy_Bullets/Enemy_Bullet_01.prefab using Guid(9d11d97caa14eef43af6b8d5d484daec) Importer(815301076,1909f56bfc062723c751e8b465ee728b)  -> (artifact id: '0ad391f5bbaa5359373870b1ccb40414') in 0.091662 seconds
  Import took 0.097578 seconds .

========================================================================
Received Import Request.
  Time since last request: 2.960506 seconds.
  path: Assets/Prefab/Bullets/Enemy_Bullets/Enemy_Bullet_01.prefab
  artifactKey: Guid(9d11d97caa14eef43af6b8d5d484daec) Importer(815301076,1909f56bfc062723c751e8b465ee728b)
Start importing Assets/Prefab/Bullets/Enemy_Bullets/Enemy_Bullet_01.prefab using Guid(9d11d97caa14eef43af6b8d5d484daec) Importer(815301076,1909f56bfc062723c751e8b465ee728b)  -> (artifact id: '6b01bed2995743e042987d3f4f63ef33') in 0.023504 seconds
  Import took 0.027932 seconds .

========================================================================
Received Import Request.
  Time since last request: 0.000847 seconds.
  path: Assets/Prefab/Bullets/Enemy_Bullets/Enemy_Bullet_01.prefab
  artifactKey: Guid(9d11d97caa14eef43af6b8d5d484daec) Importer(815301076,1909f56bfc062723c751e8b465ee728b)
Start importing Assets/Prefab/Bullets/Enemy_Bullets/Enemy_Bullet_01.prefab using Guid(9d11d97caa14eef43af6b8d5d484daec) Importer(815301076,1909f56bfc062723c751e8b465ee728b)  -> (artifact id: '6b01bed2995743e042987d3f4f63ef33') in 0.031290 seconds
  Import took 0.035224 seconds .

========================================================================
Received Prepare
Registering precompiled user dll's ...
Registered in 0.001832 seconds.
Begin MonoManager ReloadAssembly
Native extension for WindowsStandalone target not found
Refreshing native plugins compatible for Editor in 0.38 ms, found 1 plugins.
Preloading 0 native plugins for Editor in 0.00 ms.
Invoked RoslynAnalysisRunner static constructor.
RoslynAnalysisRunner will not be running.
RoslynAnalysisRunner has terminated.
Mono: successfully reloaded assembly
- Completed reload, in  1.396 seconds
Platform modules already initialized, skipping
Refreshing native plugins compatible for Editor in 0.38 ms, found 1 plugins.
Preloading 0 native plugins for Editor in 0.00 ms.
Unloading 1825 Unused Serialized files (Serialized files now loaded: 0)
System memory in use before: 88.6 MB.
System memory in use after: 88.6 MB.

Unloading 12 unused Assets to reduce memory usage. Loaded Objects now: 2341.
Total: 2.583800 ms (FindLiveObjects: 0.250200 ms CreateObjectMapping: 0.051600 ms MarkObjects: 2.137300 ms  DeleteObjects: 0.143300 ms)

========================================================================
Received Prepare
Registering precompiled user dll's ...
Registered in 0.002395 seconds.
Begin MonoManager ReloadAssembly
Native extension for WindowsStandalone target not found
Refreshing native plugins compatible for Editor in 0.38 ms, found 1 plugins.
Preloading 0 native plugins for Editor in 0.00 ms.
Invoked RoslynAnalysisRunner static constructor.
RoslynAnalysisRunner will not be running.
RoslynAnalysisRunner has terminated.
Mono: successfully reloaded assembly
- Completed reload, in  1.362 seconds
Platform modules already initialized, skipping
Refreshing native plugins compatible for Editor in 0.39 ms, found 1 plugins.
Preloading 0 native plugins for Editor in 0.00 ms.
Unloading 1825 Unused Serialized files (Serialized files now loaded: 0)
System memory in use before: 88.6 MB.
System memory in use after: 88.6 MB.

Unloading 12 unused Assets to reduce memory usage. Loaded Objects now: 2345.
Total: 2.596300 ms (FindLiveObjects: 0.258600 ms CreateObjectMapping: 0.052900 ms MarkObjects: 2.139200 ms  DeleteObjects: 0.143600 ms)

========================================================================
Received Import Request.
  Time since last request: 249.631805 seconds.
  path: Assets/Prefab/Bullets/Enemy_Bullets/Enemy_Bullet_01 1.prefab
  artifactKey: Guid(572f4cc66da0a6e4db2defc7478338c0) Importer(815301076,1909f56bfc062723c751e8b465ee728b)
Start importing Assets/Prefab/Bullets/Enemy_Bullets/Enemy_Bullet_01 1.prefab using Guid(572f4cc66da0a6e4db2defc7478338c0) Importer(815301076,1909f56bfc062723c751e8b465ee728b)  -> (artifact id: 'b1dee3980d17625b27617c400cf89536') in 0.104370 seconds
  Import took 0.108687 seconds .

========================================================================
Received Import Request.
  Time since last request: 15.312858 seconds.
  path: Assets/Prefab/Bullets/Enemy_Bullets/Turret_Bullet_01.prefab
  artifactKey: Guid(9d11d97caa14eef43af6b8d5d484daec) Importer(815301076,1909f56bfc062723c751e8b465ee728b)
Start importing Assets/Prefab/Bullets/Enemy_Bullets/Turret_Bullet_01.prefab using Guid(9d11d97caa14eef43af6b8d5d484daec) Importer(815301076,1909f56bfc062723c751e8b465ee728b)  -> (artifact id: 'd094d52665dc149ad0175999518267e1') in 0.039726 seconds
  Import took 0.044389 seconds .

========================================================================
Received Import Request.
  Time since last request: 15.822127 seconds.
  path: Assets/Prefab/Bullets/Enemy_Bullets/Plane_Turret_01.prefab
  artifactKey: Guid(572f4cc66da0a6e4db2defc7478338c0) Importer(815301076,1909f56bfc062723c751e8b465ee728b)
Start importing Assets/Prefab/Bullets/Enemy_Bullets/Plane_Turret_01.prefab using Guid(572f4cc66da0a6e4db2defc7478338c0) Importer(815301076,1909f56bfc062723c751e8b465ee728b)  -> (artifact id: '0093daf2157815c7267b5079e45568f1') in 0.039041 seconds
  Import took 0.043319 seconds .

========================================================================
Received Import Request.
  Time since last request: 13.030795 seconds.
  path: Assets/Prefab/Characters/Turret.prefab
  artifactKey: Guid(7fd18f7487157ae479d99ac6436d9ce4) Importer(815301076,1909f56bfc062723c751e8b465ee728b)
Start importing Assets/Prefab/Characters/Turret.prefab using Guid(7fd18f7487157ae479d99ac6436d9ce4) Importer(815301076,1909f56bfc062723c751e8b465ee728b)  -> (artifact id: 'e53497b739e933a5ece12ef6f139ccef') in 0.051527 seconds
  Import took 0.056026 seconds .

========================================================================
Received Import Request.
  Time since last request: 1.102675 seconds.
  path: Assets/Prefab/Characters/Simple_Plane.prefab
  artifactKey: Guid(88b78c1fe720d2741ad0c35b3d1edf44) Importer(815301076,1909f56bfc062723c751e8b465ee728b)
Start importing Assets/Prefab/Characters/Simple_Plane.prefab using Guid(88b78c1fe720d2741ad0c35b3d1edf44) Importer(815301076,1909f56bfc062723c751e8b465ee728b)  -> (artifact id: 'ad11343f50e7eae40da22159aeb038c2') in 0.050142 seconds
  Import took 0.059734 seconds .

========================================================================
Received Import Request.
  Time since last request: 40.669866 seconds.
  path: Assets/Prefab/Bullets/Enemy_Bullets/Plane_Bullet_01.prefab
  artifactKey: Guid(572f4cc66da0a6e4db2defc7478338c0) Importer(815301076,1909f56bfc062723c751e8b465ee728b)
Start importing Assets/Prefab/Bullets/Enemy_Bullets/Plane_Bullet_01.prefab using Guid(572f4cc66da0a6e4db2defc7478338c0) Importer(815301076,1909f56bfc062723c751e8b465ee728b)  -> (artifact id: '27cc2dc104a40b661ab657842df7500b') in 0.047569 seconds
  Import took 0.052780 seconds .

========================================================================
Received Import Request.
  Time since last request: 19.773907 seconds.
  path: Assets/Prefab/Bullets/Enemy_Bullets/Plane_Bullet_01.prefab
  artifactKey: Guid(572f4cc66da0a6e4db2defc7478338c0) Importer(815301076,1909f56bfc062723c751e8b465ee728b)
Start importing Assets/Prefab/Bullets/Enemy_Bullets/Plane_Bullet_01.prefab using Guid(572f4cc66da0a6e4db2defc7478338c0) Importer(815301076,1909f56bfc062723c751e8b465ee728b)  -> (artifact id: '3e0294615c02fb6f9c7805d2f5b9c2d7') in 0.030492 seconds
  Import took 0.035174 seconds .

========================================================================
Received Import Request.
  Time since last request: 5.135422 seconds.
  path: Assets/Prefab/Bullets/Enemy_Bullets/Plane_Bullet_01.prefab
  artifactKey: Guid(572f4cc66da0a6e4db2defc7478338c0) Importer(815301076,1909f56bfc062723c751e8b465ee728b)
Start importing Assets/Prefab/Bullets/Enemy_Bullets/Plane_Bullet_01.prefab using Guid(572f4cc66da0a6e4db2defc7478338c0) Importer(815301076,1909f56bfc062723c751e8b465ee728b)  -> (artifact id: '99b583f25d514fdba69255e92c7e8141') in 0.062484 seconds
  Import took 0.066088 seconds .

========================================================================
Received Import Request.
  Time since last request: 20.557610 seconds.
  path: Assets/Prefab/Characters/Simple_Plane.prefab
  artifactKey: Guid(88b78c1fe720d2741ad0c35b3d1edf44) Importer(815301076,1909f56bfc062723c751e8b465ee728b)
Start importing Assets/Prefab/Characters/Simple_Plane.prefab using Guid(88b78c1fe720d2741ad0c35b3d1edf44) Importer(815301076,1909f56bfc062723c751e8b465ee728b)  -> (artifact id: 'dc5b172a77c44579921105ea334eade7') in 0.023789 seconds
  Import took 0.027839 seconds .

========================================================================
Received Import Request.
  Time since last request: 0.005639 seconds.
  path: Assets/Prefab/Characters/Simple_Plane.prefab
  artifactKey: Guid(88b78c1fe720d2741ad0c35b3d1edf44) Importer(815301076,1909f56bfc062723c751e8b465ee728b)
Start importing Assets/Prefab/Characters/Simple_Plane.prefab using Guid(88b78c1fe720d2741ad0c35b3d1edf44) Importer(815301076,1909f56bfc062723c751e8b465ee728b)  -> (artifact id: 'dc5b172a77c44579921105ea334eade7') in 0.026079 seconds
  Import took 0.030736 seconds .

========================================================================
Received Import Request.
  Time since last request: 2.190465 seconds.
  path: Assets/Prefab/Characters/Turret.prefab
  artifactKey: Guid(7fd18f7487157ae479d99ac6436d9ce4) Importer(815301076,1909f56bfc062723c751e8b465ee728b)
Start importing Assets/Prefab/Characters/Turret.prefab using Guid(7fd18f7487157ae479d99ac6436d9ce4) Importer(815301076,1909f56bfc062723c751e8b465ee728b)  -> (artifact id: '338f93cc4b628700c76368465cfc4105') in 0.029123 seconds
  Import took 0.033182 seconds .

========================================================================
Received Import Request.
  Time since last request: 0.013364 seconds.
  path: Assets/Prefab/Characters/Turret.prefab
  artifactKey: Guid(7fd18f7487157ae479d99ac6436d9ce4) Importer(815301076,1909f56bfc062723c751e8b465ee728b)
Start importing Assets/Prefab/Characters/Turret.prefab using Guid(7fd18f7487157ae479d99ac6436d9ce4) Importer(815301076,1909f56bfc062723c751e8b465ee728b)  -> (artifact id: '338f93cc4b628700c76368465cfc4105') in 0.028469 seconds
  Import took 0.034585 seconds .

========================================================================
Received Prepare
Registering precompiled user dll's ...
Registered in 0.001488 seconds.
Begin MonoManager ReloadAssembly
Native extension for WindowsStandalone target not found
Refreshing native plugins compatible for Editor in 0.40 ms, found 1 plugins.
Preloading 0 native plugins for Editor in 0.00 ms.
Invoked RoslynAnalysisRunner static constructor.
RoslynAnalysisRunner will not be running.
RoslynAnalysisRunner has terminated.
Mono: successfully reloaded assembly
- Completed reload, in  1.382 seconds
Platform modules already initialized, skipping
Refreshing native plugins compatible for Editor in 0.37 ms, found 1 plugins.
Preloading 0 native plugins for Editor in 0.00 ms.
Unloading 1825 Unused Serialized files (Serialized files now loaded: 0)
System memory in use before: 88.7 MB.
System memory in use after: 88.7 MB.

Unloading 12 unused Assets to reduce memory usage. Loaded Objects now: 2350.
Total: 2.991300 ms (FindLiveObjects: 0.242500 ms CreateObjectMapping: 0.052600 ms MarkObjects: 2.555400 ms  DeleteObjects: 0.139000 ms)

========================================================================
Received Import Request.
  Time since last request: 186.812276 seconds.
  path: Assets/Prefab/Characters/Enemy_Ship.prefab
  artifactKey: Guid(c5ed75018613a094fbdec798685f7cf6) Importer(815301076,1909f56bfc062723c751e8b465ee728b)
Start importing Assets/Prefab/Characters/Enemy_Ship.prefab using Guid(c5ed75018613a094fbdec798685f7cf6) Importer(815301076,1909f56bfc062723c751e8b465ee728b)  -> (artifact id: '00d5390f7f251596710411fefe265721') in 0.111528 seconds
  Import took 0.115737 seconds .

========================================================================
Received Prepare
Registering precompiled user dll's ...
Registered in 0.001301 seconds.
Begin MonoManager ReloadAssembly
Native extension for WindowsStandalone target not found
Refreshing native plugins compatible for Editor in 0.41 ms, found 1 plugins.
Preloading 0 native plugins for Editor in 0.00 ms.
Invoked RoslynAnalysisRunner static constructor.
RoslynAnalysisRunner will not be running.
RoslynAnalysisRunner has terminated.
Mono: successfully reloaded assembly
- Completed reload, in  1.317 seconds
Platform modules already initialized, skipping
Refreshing native plugins compatible for Editor in 0.52 ms, found 1 plugins.
Preloading 0 native plugins for Editor in 0.00 ms.
Unloading 1825 Unused Serialized files (Serialized files now loaded: 0)
System memory in use before: 88.7 MB.
System memory in use after: 88.7 MB.

Unloading 12 unused Assets to reduce memory usage. Loaded Objects now: 2355.
Total: 2.711800 ms (FindLiveObjects: 0.275700 ms CreateObjectMapping: 0.068700 ms MarkObjects: 2.234300 ms  DeleteObjects: 0.131900 ms)

========================================================================
Received Import Request.
  Time since last request: 97.959158 seconds.
  path: Assets/Prefab/Effects/Explosion_01.prefab
  artifactKey: Guid(8b6be52b81277104697c760d634cd1b7) Importer(815301076,1909f56bfc062723c751e8b465ee728b)
Start importing Assets/Prefab/Effects/Explosion_01.prefab using Guid(8b6be52b81277104697c760d634cd1b7) Importer(815301076,1909f56bfc062723c751e8b465ee728b)  -> (artifact id: '756efbd22c635e0df1dee3261c6de869') in 0.079540 seconds
  Import took 0.085581 seconds .

========================================================================
Received Prepare
Registering precompiled user dll's ...
Registered in 0.001310 seconds.
Begin MonoManager ReloadAssembly
Native extension for WindowsStandalone target not found
Refreshing native plugins compatible for Editor in 0.40 ms, found 1 plugins.
Preloading 0 native plugins for Editor in 0.00 ms.
Invoked RoslynAnalysisRunner static constructor.
RoslynAnalysisRunner will not be running.
RoslynAnalysisRunner has terminated.
Mono: successfully reloaded assembly
- Completed reload, in  1.432 seconds
Platform modules already initialized, skipping
Refreshing native plugins compatible for Editor in 0.46 ms, found 1 plugins.
Preloading 0 native plugins for Editor in 0.00 ms.
Unloading 1825 Unused Serialized files (Serialized files now loaded: 0)
System memory in use before: 88.7 MB.
System memory in use after: 88.7 MB.

Unloading 12 unused Assets to reduce memory usage. Loaded Objects now: 2360.
Total: 3.022900 ms (FindLiveObjects: 0.279300 ms CreateObjectMapping: 0.296200 ms MarkObjects: 2.299900 ms  DeleteObjects: 0.145500 ms)

========================================================================
Received Prepare
Registering precompiled user dll's ...
Registered in 0.001493 seconds.
Begin MonoManager ReloadAssembly
Native extension for WindowsStandalone target not found
Refreshing native plugins compatible for Editor in 0.44 ms, found 1 plugins.
Preloading 0 native plugins for Editor in 0.00 ms.
Invoked RoslynAnalysisRunner static constructor.
RoslynAnalysisRunner will not be running.
RoslynAnalysisRunner has terminated.
Mono: successfully reloaded assembly
- Completed reload, in  1.529 seconds
Platform modules already initialized, skipping
Refreshing native plugins compatible for Editor in 0.41 ms, found 1 plugins.
Preloading 0 native plugins for Editor in 0.00 ms.
Unloading 1825 Unused Serialized files (Serialized files now loaded: 0)
System memory in use before: 88.7 MB.
System memory in use after: 88.7 MB.

Unloading 12 unused Assets to reduce memory usage. Loaded Objects now: 2364.
Total: 2.380000 ms (FindLiveObjects: 0.232000 ms CreateObjectMapping: 0.052500 ms MarkObjects: 1.946300 ms  DeleteObjects: 0.147000 ms)

========================================================================
Received Prepare
Registering precompiled user dll's ...
Registered in 0.001436 seconds.
Begin MonoManager ReloadAssembly
Native extension for WindowsStandalone target not found
Refreshing native plugins compatible for Editor in 0.50 ms, found 1 plugins.
Preloading 0 native plugins for Editor in 0.00 ms.
Invoked RoslynAnalysisRunner static constructor.
RoslynAnalysisRunner will not be running.
RoslynAnalysisRunner has terminated.
Mono: successfully reloaded assembly
- Completed reload, in  1.313 seconds
Platform modules already initialized, skipping
Refreshing native plugins compatible for Editor in 0.47 ms, found 1 plugins.
Preloading 0 native plugins for Editor in 0.00 ms.
Unloading 1825 Unused Serialized files (Serialized files now loaded: 0)
System memory in use before: 88.7 MB.
System memory in use after: 88.7 MB.

Unloading 12 unused Assets to reduce memory usage. Loaded Objects now: 2368.
Total: 2.690300 ms (FindLiveObjects: 0.251900 ms CreateObjectMapping: 0.058000 ms MarkObjects: 2.153700 ms  DeleteObjects: 0.219500 ms)

========================================================================
Received Prepare
Registering precompiled user dll's ...
Registered in 0.001423 seconds.
Begin MonoManager ReloadAssembly
Native extension for WindowsStandalone target not found
Refreshing native plugins compatible for Editor in 0.41 ms, found 1 plugins.
Preloading 0 native plugins for Editor in 0.00 ms.
Invoked RoslynAnalysisRunner static constructor.
RoslynAnalysisRunner will not be running.
RoslynAnalysisRunner has terminated.
Mono: successfully reloaded assembly
- Completed reload, in  1.330 seconds
Platform modules already initialized, skipping
Refreshing native plugins compatible for Editor in 0.39 ms, found 1 plugins.
Preloading 0 native plugins for Editor in 0.00 ms.
Unloading 1825 Unused Serialized files (Serialized files now loaded: 0)
System memory in use before: 88.8 MB.
System memory in use after: 88.7 MB.

Unloading 12 unused Assets to reduce memory usage. Loaded Objects now: 2372.
Total: 3.104000 ms (FindLiveObjects: 0.345100 ms CreateObjectMapping: 0.182000 ms MarkObjects: 2.438500 ms  DeleteObjects: 0.136600 ms)

========================================================================
Received Import Request.
  Time since last request: 283.219404 seconds.
  path: ProjectSettings/TagManager.asset
  artifactKey: Guid(00000000000000003000000000000000) Importer(815301076,1909f56bfc062723c751e8b465ee728b)
Start importing ProjectSettings/TagManager.asset using Guid(00000000000000003000000000000000) Importer(815301076,1909f56bfc062723c751e8b465ee728b)  -> (artifact id: '89a9026b7c6dfe0b6cc9e9bc52e34a41') in 0.038285 seconds
  Import took 0.042324 seconds .

========================================================================
Received Import Request.
  Time since last request: 15.588014 seconds.
  path: Assets/Prefab/Bullets/Player_Bullets/Player_Bullet_02.prefab
  artifactKey: Guid(d89f1a72eb3f1724ab15f9fd016ef512) Importer(815301076,1909f56bfc062723c751e8b465ee728b)
Start importing Assets/Prefab/Bullets/Player_Bullets/Player_Bullet_02.prefab using Guid(d89f1a72eb3f1724ab15f9fd016ef512) Importer(815301076,1909f56bfc062723c751e8b465ee728b)  -> (artifact id: 'fbd35796692d292ad693ada52575d9ef') in 0.084860 seconds
  Import took 0.090577 seconds .

========================================================================
Received Prepare
Registering precompiled user dll's ...
Registered in 0.001650 seconds.
Begin MonoManager ReloadAssembly
Native extension for WindowsStandalone target not found
Refreshing native plugins compatible for Editor in 0.42 ms, found 1 plugins.
Preloading 0 native plugins for Editor in 0.00 ms.
Invoked RoslynAnalysisRunner static constructor.
RoslynAnalysisRunner will not be running.
RoslynAnalysisRunner has terminated.
Mono: successfully reloaded assembly
- Completed reload, in  1.441 seconds
Platform modules already initialized, skipping
Refreshing native plugins compatible for Editor in 0.41 ms, found 1 plugins.
Preloading 0 native plugins for Editor in 0.00 ms.
Unloading 1825 Unused Serialized files (Serialized files now loaded: 0)
System memory in use before: 88.8 MB.
System memory in use after: 88.8 MB.

Unloading 13 unused Assets to reduce memory usage. Loaded Objects now: 2377.
Total: 3.224100 ms (FindLiveObjects: 0.325700 ms CreateObjectMapping: 0.075700 ms MarkObjects: 2.621700 ms  DeleteObjects: 0.199400 ms)

========================================================================
Received Prepare
Registering precompiled user dll's ...
Registered in 0.001564 seconds.
Begin MonoManager ReloadAssembly
Native extension for WindowsStandalone target not found
Refreshing native plugins compatible for Editor in 0.51 ms, found 1 plugins.
Preloading 0 native plugins for Editor in 0.00 ms.
Invoked RoslynAnalysisRunner static constructor.
RoslynAnalysisRunner will not be running.
RoslynAnalysisRunner has terminated.
Mono: successfully reloaded assembly
- Completed reload, in  1.377 seconds
Platform modules already initialized, skipping
Refreshing native plugins compatible for Editor in 0.46 ms, found 1 plugins.
Preloading 0 native plugins for Editor in 0.00 ms.
Unloading 1825 Unused Serialized files (Serialized files now loaded: 0)
System memory in use before: 88.8 MB.
System memory in use after: 88.8 MB.

Unloading 12 unused Assets to reduce memory usage. Loaded Objects now: 2381.
Total: 3.353500 ms (FindLiveObjects: 0.464100 ms CreateObjectMapping: 0.116400 ms MarkObjects: 2.524800 ms  DeleteObjects: 0.245800 ms)

========================================================================
Received Import Request.
  Time since last request: 140.312362 seconds.
  path: Assets/Script/Enemies/Simple_Ship.cs
  artifactKey: Guid(2d25fc234c3a280459abeb47f52a4c35) Importer(815301076,1909f56bfc062723c751e8b465ee728b)
Start importing Assets/Script/Enemies/Simple_Ship.cs using Guid(2d25fc234c3a280459abeb47f52a4c35) Importer(815301076,1909f56bfc062723c751e8b465ee728b)  -> (artifact id: '6089e0a9182b3484dca42c9450e01449') in 0.039724 seconds
  Import took 0.045102 seconds .

========================================================================
Received Prepare
Registering precompiled user dll's ...
Registered in 0.001279 seconds.
Begin MonoManager ReloadAssembly
Native extension for WindowsStandalone target not found
Refreshing native plugins compatible for Editor in 0.48 ms, found 1 plugins.
Preloading 0 native plugins for Editor in 0.00 ms.
Invoked RoslynAnalysisRunner static constructor.
RoslynAnalysisRunner will not be running.
RoslynAnalysisRunner has terminated.
Mono: successfully reloaded assembly
- Completed reload, in  1.377 seconds
Platform modules already initialized, skipping
Refreshing native plugins compatible for Editor in 0.56 ms, found 1 plugins.
Preloading 0 native plugins for Editor in 0.00 ms.
Unloading 1826 Unused Serialized files (Serialized files now loaded: 0)
System memory in use before: 88.8 MB.
System memory in use after: 88.8 MB.

Unloading 12 unused Assets to reduce memory usage. Loaded Objects now: 2386.
Total: 2.503500 ms (FindLiveObjects: 0.225700 ms CreateObjectMapping: 0.052000 ms MarkObjects: 2.089100 ms  DeleteObjects: 0.135100 ms)

========================================================================
Received Prepare
Registering precompiled user dll's ...
Registered in 0.001334 seconds.
Begin MonoManager ReloadAssembly
Native extension for WindowsStandalone target not found
Refreshing native plugins compatible for Editor in 0.38 ms, found 1 plugins.
Preloading 0 native plugins for Editor in 0.00 ms.
Invoked RoslynAnalysisRunner static constructor.
RoslynAnalysisRunner will not be running.
RoslynAnalysisRunner has terminated.
Mono: successfully reloaded assembly
- Completed reload, in  1.204 seconds
Platform modules already initialized, skipping
Refreshing native plugins compatible for Editor in 0.45 ms, found 1 plugins.
Preloading 0 native plugins for Editor in 0.00 ms.
Unloading 1826 Unused Serialized files (Serialized files now loaded: 0)
System memory in use before: 88.8 MB.
System memory in use after: 88.8 MB.

Unloading 12 unused Assets to reduce memory usage. Loaded Objects now: 2390.
Total: 2.870200 ms (FindLiveObjects: 0.244200 ms CreateObjectMapping: 0.056000 ms MarkObjects: 2.415800 ms  DeleteObjects: 0.152600 ms)

========================================================================
Received Import Request.
  Time since last request: 62.221082 seconds.
  path: Assets/Script/Enemies/Simple_Ship.cs
  artifactKey: Guid(2d25fc234c3a280459abeb47f52a4c35) Importer(815301076,1909f56bfc062723c751e8b465ee728b)
Start importing Assets/Script/Enemies/Simple_Ship.cs using Guid(2d25fc234c3a280459abeb47f52a4c35) Importer(815301076,1909f56bfc062723c751e8b465ee728b)  -> (artifact id: 'd9d58d83df9ced1109c22b9ec70ade26') in 0.007863 seconds
  Import took 0.011543 seconds .

========================================================================
Received Prepare
Registering precompiled user dll's ...
Registered in 0.002510 seconds.
Begin MonoManager ReloadAssembly
Native extension for WindowsStandalone target not found
Refreshing native plugins compatible for Editor in 0.42 ms, found 1 plugins.
Preloading 0 native plugins for Editor in 0.00 ms.
Invoked RoslynAnalysisRunner static constructor.
RoslynAnalysisRunner will not be running.
RoslynAnalysisRunner has terminated.
Mono: successfully reloaded assembly
- Completed reload, in  1.275 seconds
Platform modules already initialized, skipping
Refreshing native plugins compatible for Editor in 0.44 ms, found 1 plugins.
Preloading 0 native plugins for Editor in 0.00 ms.
Unloading 1826 Unused Serialized files (Serialized files now loaded: 0)
System memory in use before: 88.8 MB.
System memory in use after: 88.8 MB.

Unloading 12 unused Assets to reduce memory usage. Loaded Objects now: 2394.
Total: 2.443100 ms (FindLiveObjects: 0.234400 ms CreateObjectMapping: 0.051300 ms MarkObjects: 2.015100 ms  DeleteObjects: 0.140200 ms)

========================================================================
Received Prepare
Registering precompiled user dll's ...
Registered in 0.001825 seconds.
Begin MonoManager ReloadAssembly
Native extension for WindowsStandalone target not found
Refreshing native plugins compatible for Editor in 0.39 ms, found 1 plugins.
Preloading 0 native plugins for Editor in 0.00 ms.
Invoked RoslynAnalysisRunner static constructor.
RoslynAnalysisRunner will not be running.
RoslynAnalysisRunner has terminated.
Mono: successfully reloaded assembly
- Completed reload, in  1.263 seconds
Platform modules already initialized, skipping
Refreshing native plugins compatible for Editor in 0.49 ms, found 1 plugins.
Preloading 0 native plugins for Editor in 0.00 ms.
Unloading 1826 Unused Serialized files (Serialized files now loaded: 0)
System memory in use before: 88.8 MB.
System memory in use after: 88.8 MB.

Unloading 12 unused Assets to reduce memory usage. Loaded Objects now: 2398.
Total: 3.177000 ms (FindLiveObjects: 0.349600 ms CreateObjectMapping: 0.084100 ms MarkObjects: 2.575200 ms  DeleteObjects: 0.166400 ms)

========================================================================
Received Prepare
Registering precompiled user dll's ...
Registered in 0.001332 seconds.
Begin MonoManager ReloadAssembly
Native extension for WindowsStandalone target not found
Refreshing native plugins compatible for Editor in 0.46 ms, found 1 plugins.
Preloading 0 native plugins for Editor in 0.00 ms.
Invoked RoslynAnalysisRunner static constructor.
RoslynAnalysisRunner will not be running.
RoslynAnalysisRunner has terminated.
Mono: successfully reloaded assembly
- Completed reload, in  1.185 seconds
Platform modules already initialized, skipping
Refreshing native plugins compatible for Editor in 0.37 ms, found 1 plugins.
Preloading 0 native plugins for Editor in 0.00 ms.
Unloading 1826 Unused Serialized files (Serialized files now loaded: 0)
System memory in use before: 88.8 MB.
System memory in use after: 88.8 MB.

Unloading 12 unused Assets to reduce memory usage. Loaded Objects now: 2402.
Total: 3.294100 ms (FindLiveObjects: 0.517200 ms CreateObjectMapping: 0.101700 ms MarkObjects: 2.541300 ms  DeleteObjects: 0.131700 ms)

========================================================================
Received Prepare
Registering precompiled user dll's ...
Registered in 0.001402 seconds.
Begin MonoManager ReloadAssembly
Native extension for WindowsStandalone target not found
Refreshing native plugins compatible for Editor in 0.60 ms, found 1 plugins.
Preloading 0 native plugins for Editor in 0.00 ms.
Invoked RoslynAnalysisRunner static constructor.
RoslynAnalysisRunner will not be running.
RoslynAnalysisRunner has terminated.
Mono: successfully reloaded assembly
- Completed reload, in  1.228 seconds
Platform modules already initialized, skipping
Refreshing native plugins compatible for Editor in 0.49 ms, found 1 plugins.
Preloading 0 native plugins for Editor in 0.00 ms.
Unloading 1826 Unused Serialized files (Serialized files now loaded: 0)
System memory in use before: 88.8 MB.
System memory in use after: 88.8 MB.

Unloading 12 unused Assets to reduce memory usage. Loaded Objects now: 2406.
Total: 2.812100 ms (FindLiveObjects: 0.297200 ms CreateObjectMapping: 0.056200 ms MarkObjects: 2.257100 ms  DeleteObjects: 0.200100 ms)

========================================================================
Received Import Request.
  Time since last request: 6680.597926 seconds.
  path: Assets/Art/Enemies.png
  artifactKey: Guid(7e1ce8877e2a5eb49aea21c900d51d1a) Importer(815301076,1909f56bfc062723c751e8b465ee728b)
Start importing Assets/Art/Enemies.png using Guid(7e1ce8877e2a5eb49aea21c900d51d1a) Importer(815301076,1909f56bfc062723c751e8b465ee728b)  -> (artifact id: '042174ca2c0027ae1ba19a3e96d8f7d4') in 0.113544 seconds
  Import took 0.117894 seconds .

========================================================================
Received Import Request.
  Time since last request: 17.151183 seconds.
  path: Assets/Art/Enemies.png
  artifactKey: Guid(7e1ce8877e2a5eb49aea21c900d51d1a) Importer(815301076,1909f56bfc062723c751e8b465ee728b)
Start importing Assets/Art/Enemies.png using Guid(7e1ce8877e2a5eb49aea21c900d51d1a) Importer(815301076,1909f56bfc062723c751e8b465ee728b)  -> (artifact id: 'a68d1d4c65ddde3dabb399e70b666ff6') in 0.042494 seconds
  Import took 0.046479 seconds .

